0 info it worked if it ends with ok
1 verbose cli [ '/home/snikers/.nvm/versions/node/v4.2.6/bin/node',
1 verbose cli   '/home/snikers/.nvm/versions/node/v4.2.6/bin/npm',
1 verbose cli   'start' ]
2 info using npm@2.14.12
3 info using node@v4.2.6
4 verbose run-script [ 'prestart', 'start', 'poststart' ]
5 info prestart materialy-angular_node@1.0.0
6 info start materialy-angular_node@1.0.0
7 verbose unsafe-perm in lifecycle true
8 info materialy-angular_node@1.0.0 Failed to exec start script
9 verbose stack Error: materialy-angular_node@1.0.0 start: `node app.js`
9 verbose stack Exit status 1
9 verbose stack     at EventEmitter.<anonymous> (/home/snikers/.nvm/versions/node/v4.2.6/lib/node_modules/npm/lib/utils/lifecycle.js:214:16)
9 verbose stack     at emitTwo (events.js:87:13)
9 verbose stack     at EventEmitter.emit (events.js:172:7)
9 verbose stack     at ChildProcess.<anonymous> (/home/snikers/.nvm/versions/node/v4.2.6/lib/node_modules/npm/lib/utils/spawn.js:24:14)
9 verbose stack     at emitTwo (events.js:87:13)
9 verbose stack     at ChildProcess.emit (events.js:172:7)
9 verbose stack     at maybeClose (internal/child_process.js:821:16)
9 verbose stack     at Process.ChildProcess._handle.onexit (internal/child_process.js:211:5)
10 verbose pkgid materialy-angular_node@1.0.0
11 verbose cwd /home/snikers/WebstromProjects/jfdd-monuments-app2
12 error Linux 3.19.0-47-generic
13 error argv "/home/snikers/.nvm/versions/node/v4.2.6/bin/node" "/home/snikers/.nvm/versions/node/v4.2.6/bin/npm" "start"
14 error node v4.2.6
15 error npm  v2.14.12
16 error code ELIFECYCLE
17 error materialy-angular_node@1.0.0 start: `node app.js`
17 error Exit status 1
18 error Failed at the materialy-angular_node@1.0.0 start script 'node app.js'.
18 error This is most likely a problem with the materialy-angular_node package,
18 error not with npm itself.
18 error Tell the author that this fails on your system:
18 error     node app.js
18 error You can get their info via:
18 error     npm owner ls materialy-angular_node
18 error There is likely additional logging output above.
19 verbose exit [ 1, true ]
